Build started 2016/2/22 19:42:45.
     1>Project "E:\vs_project\ConsoleApplication2\ConsoleApplication2\ConsoleApplication2.vcxproj" on node 2 (Build target(s)).
     1>ClCompile:
         D:\Program Files (x86)\VC\bin\CL.exe /c /ZI /nologo /W3 /WX- /sdl /Od /Oy- /D WIN32 /D _DEBUG /D _CONSOLE /D _LIB /D _UNICODE /D UNICODE /Gm /EHsc /RTC1 /MDd /GS /fp:precise /Zc:wchar_t /Zc:forScope /Fo"Debug\\" /Fd"Debug\vc120.pdb" /Gd /TP /analyze- /errorReport:prompt base64.cpp basictypes.cpp json_data.cpp main.cpp
         main.cpp
     1>e:\vs_project\consoleapplication2\consoleapplication2\json_data.h(11): fatal error C1083: Cannot open include file: 'curl/curl.h': No such file or directory
         json_data.cpp
     1>e:\vs_project\consoleapplication2\consoleapplication2\json_data.cpp(11): fatal error C1083: Cannot open include file: 'unistd.h': No such file or directory
         basictypes.cpp
     1>e:\vs_project\consoleapplication2\consoleapplication2\basictypes.h(9): fatal error C1083: Cannot open include file: 'pthread.h': No such file or directory
         base64.cpp
     1>e:\vs_project\consoleapplication2\consoleapplication2\basictypes.h(9): fatal error C1083: Cannot open include file: 'pthread.h': No such file or directory
         Generating Code...
     1>Done Building Project "E:\vs_project\ConsoleApplication2\ConsoleApplication2\ConsoleApplication2.vcxproj" (Build target(s)) -- FAILED.

Build FAILED.

Time Elapsed 00:00:03.08
